<?xml version="1.0" encoding="UTF-8"?>
<testng-results ignored="0" total="3" passed="3" failed="0" skipped="0">
  <reporter-output>
  </reporter-output>
  <suite started-at="2025-08-20T09:58:47 IST" name="Default suite" finished-at="2025-08-20T09:59:21 IST" duration-ms="34586">
    <groups>
      <group name="cucumber">
        <method signature="AbstractTestNGCucumberTests.runScenario(io.cucumber.testng.PickleWrapper,io.cucumber.testng.FeatureWrapper)[pri:0, instance:runners.TestRunner@707194ba]" name="runScenario" class="io.cucumber.testng.AbstractTestNGCucumberTests"/>
      </group> <!-- cucumber -->
    </groups>
    <test started-at="2025-08-20T09:58:47 IST" name="Default test" finished-at="2025-08-20T09:59:21 IST" duration-ms="34586">
      <class name="runners.TestRunner">
        <test-method is-config="true" signature="setUpClass(org.testng.ITestContext)[pri:0, instance:runners.TestRunner@707194ba]" started-at="2025-08-20T09:58:47 IST" name="setUpClass" finished-at="2025-08-20T09:58:48 IST" duration-ms="756" status="PASS">
          <params>
            <param index="0">
              <value>
                <![CDATA[org.testng.TestRunner@2e51d054]]>
              </value>
            </param>
          </params>
          <reporter-output>
          </reporter-output>
        </test-method> <!-- setUpClass -->
        <test-method signature="runScenario(io.cucumber.testng.PickleWrapper,io.cucumber.testng.FeatureWrapper)[pri:0, instance:runners.TestRunner@707194ba]" started-at="2025-08-20T09:58:48 IST" name="runScenario" description="Runs Cucumber Scenarios" data-provider="scenarios" finished-at="2025-08-20T09:59:12 IST" duration-ms="24350" status="PASS">
          <params>
            <param index="0">
              <value>
                <![CDATA["Login with multiple user credentials"]]>
              </value>
            </param>
            <param index="1">
              <value>
                <![CDATA["Facebook Login Functionality"]]>
              </value>
            </param>
          </params>
          <reporter-output>
          </reporter-output>
        </test-method> <!-- runScenario -->
        <test-method signature="runScenario(io.cucumber.testng.PickleWrapper,io.cucumber.testng.FeatureWrapper)[pri:0, instance:runners.TestRunner@707194ba]" started-at="2025-08-20T09:59:12 IST" name="runScenario" description="Runs Cucumber Scenarios" data-provider="scenarios" finished-at="2025-08-20T09:59:17 IST" duration-ms="4794" status="PASS">
          <params>
            <param index="0">
              <value>
                <![CDATA["Login with multiple user credentials"]]>
              </value>
            </param>
            <param index="1">
              <value>
                <![CDATA["Facebook Login Functionality"]]>
              </value>
            </param>
          </params>
          <reporter-output>
          </reporter-output>
        </test-method> <!-- runScenario -->
        <test-method signature="runScenario(io.cucumber.testng.PickleWrapper,io.cucumber.testng.FeatureWrapper)[pri:0, instance:runners.TestRunner@707194ba]" started-at="2025-08-20T09:59:17 IST" name="runScenario" description="Runs Cucumber Scenarios" data-provider="scenarios" finished-at="2025-08-20T09:59:21 IST" duration-ms="4564" status="PASS">
          <params>
            <param index="0">
              <value>
                <![CDATA["Login with multiple user credentials"]]>
              </value>
            </param>
            <param index="1">
              <value>
                <![CDATA["Facebook Login Functionality"]]>
              </value>
            </param>
          </params>
          <reporter-output>
          </reporter-output>
        </test-method> <!-- runScenario -->
        <test-method is-config="true" signature="tearDownClass()[pri:0, instance:runners.TestRunner@707194ba]" started-at="2025-08-20T09:59:21 IST" name="tearDownClass" finished-at="2025-08-20T09:59:21 IST" duration-ms="42" status="PASS">
          <reporter-output>
          </reporter-output>
        </test-method> <!-- tearDownClass -->
      </class> <!-- runners.TestRunner -->
    </test> <!-- Default test -->
  </suite> <!-- Default suite -->
</testng-results>
